<?xml version="1.0" encoding="UTF-8"?>
<TestRun id="1d9b7212-8d78-4d8a-a9d4-948692369ae4" name="Song@SONG-PC 2012-03-24 17:59:44" runUser="Song-PC\Song" xmlns="http://microsoft.com/schemas/VisualStudio/TeamTest/2010">
  <TestSettings name="默认测试设置" id="acf22935-4146-48b9-a5db-2df9ba46802e">
    <Deployment runDeploymentRoot="Song_SONG-PC 2012-03-24 17_59_44">
      <DeploymentItem filename="C:\MyCode\MoldManagement\ClassLibrary\bin\Debug\ClassLibrary.dll" />
    </Deployment>
    <Execution>
      <TestTypeSpecific />
      <AgentRule name="Execution Agents">
      </AgentRule>
    </Execution>
  </TestSettings>
  <Times creation="2012-03-24T17:59:44.3840491+08:00" queuing="2012-03-24T17:59:48.3752774+08:00" start="2012-03-24T17:59:48.5752889+08:00" finish="2012-03-24T17:59:52.0534878+08:00" />
  <ResultSummary outcome="Completed">
    <Counters total="1" executed="1" passed="1" error="0" failed="0" timeout="0" aborted="0" inconclusive="0" passedButRunAborted="0" notRunnable="0" notExecuted="0" disconnected="0" warning="0" completed="0" inProgress="0" pending="0" />
  </ResultSummary>
  <TestDefinitions>
    <UnitTest name="AllTest" storage="c:\mycode\moldmanagement\testproject1\bin\debug\testproject1.dll" id="0b17c1db-dee7-31be-4eed-677f9d3ff92e">
      <Execution id="56b1cf2e-252d-4475-8ffe-0dcfdfae6f22" />
      <TestMethod codeBase="C:/MyCode/MoldManagement/TestProject1/bin/Debug/TestProject1.DLL" adapterTypeName="Microsoft.VisualStudio.TestTools.TestTypes.Unit.UnitTestAdapter, Microsoft.VisualStudio.QualityTools.Tips.UnitTest.Adapter, Version=10.0.0.0, Culture=neutral, PublicKeyToken=b03f5f7f11d50a3a" className="TestProject1.ProjectRepositoryTest, TestProject1, Version=1.0.0.0, Culture=neutral, PublicKeyToken=null" name="AllTest" />
    </UnitTest>
  </TestDefinitions>
  <TestLists>
    <TestList name="列表中未列出的结果" id="8c84fa94-04c1-424b-9868-57a2d4851a1d" />
    <TestList name="所有已加载的结果" id="19431567-8539-422a-85d7-44ee4e166bda" />
  </TestLists>
  <TestEntries>
    <TestEntry testId="0b17c1db-dee7-31be-4eed-677f9d3ff92e" executionId="56b1cf2e-252d-4475-8ffe-0dcfdfae6f22" testListId="8c84fa94-04c1-424b-9868-57a2d4851a1d" />
  </TestEntries>
  <Results>
    <UnitTestResult executionId="56b1cf2e-252d-4475-8ffe-0dcfdfae6f22" testId="0b17c1db-dee7-31be-4eed-677f9d3ff92e" testName="AllTest" computerName="SONG-PC" duration="00:00:00.7955299" startTime="2012-03-24T17:59:48.6232916+08:00" endTime="2012-03-24T17:59:50.4483960+08:00" testType="13cdc9d9-ddb5-4fa4-a97d-d965ccfc6d4b" outcome="Passed" testListId="8c84fa94-04c1-424b-9868-57a2d4851a1d" relativeResultsDirectory="56b1cf2e-252d-4475-8ffe-0dcfdfae6f22">
    </UnitTestResult>
  </Results>
</TestRun>