<?xml version="1.0" encoding="UTF-8"?>
<TestRun id="0a9f2857-164a-4722-8960-cf3962706b5f" name="Song@SONG-PC 2012-03-15 00:51:48" runUser="Song-PC\Song" xmlns="http://microsoft.com/schemas/VisualStudio/TeamTest/2010">
  <TestSettings name="本地" id="ea4079a7-9053-40e0-970a-dad4096e1d8c">
    <Description>这些设置为本地测试运行的默认测试设置。</Description>
    <Deployment enabled="false" runDeploymentRoot="Song_SONG-PC 2012-03-15 00_51_48">
      <DeploymentItem filename="C:\MyCode\ToolingMan\TestCon\bin\Debug\TestCon.exe" />
      <DeploymentItem filename="C:\MyCode\ToolingMan\ClassLibrary\bin\Debug\ClassLibrary.dll" />
    </Deployment>
    <Execution>
      <TestTypeSpecific />
      <AgentRule name="Execution Agents">
      </AgentRule>
    </Execution>
  </TestSettings>
  <Times creation="2012-03-15T00:51:48.0820546+08:00" queuing="2012-03-15T00:51:48.1410580+08:00" start="2012-03-15T00:51:48.1510586+08:00" finish="2012-03-15T00:51:48.5240799+08:00" />
  <ResultSummary outcome="Completed">
    <Counters total="1" executed="1" passed="1" error="0" failed="0" timeout="0" aborted="0" inconclusive="0" passedButRunAborted="0" notRunnable="0" notExecuted="0" disconnected="0" warning="0" completed="0" inProgress="0" pending="0" />
  </ResultSummary>
  <TestDefinitions>
    <UnitTest name="GetByRecordTypeTest" storage="c:\mycode\toolingman\testproject1\bin\debug\testproject1.dll" id="95212066-e60b-7bbc-38be-df0a63509626">
      <Execution id="c3b3a0ee-d3d5-4b5b-a2ca-2487fa656be6" />
      <TestMethod codeBase="C:/MyCode/ToolingMan/TestProject1/bin/Debug/TestProject1.DLL" adapterTypeName="Microsoft.VisualStudio.TestTools.TestTypes.Unit.UnitTestAdapter, Microsoft.VisualStudio.QualityTools.Tips.UnitTest.Adapter, Version=10.0.0.0, Culture=neutral, PublicKeyToken=b03f5f7f11d50a3a" className="TestProject1.StorageRecordRepositoryTest, TestProject1, Version=1.0.0.0, Culture=neutral, PublicKeyToken=null" name="GetByRecordTypeTest" />
    </UnitTest>
  </TestDefinitions>
  <TestLists>
    <TestList name="列表中未列出的结果" id="8c84fa94-04c1-424b-9868-57a2d4851a1d" />
    <TestList name="所有已加载的结果" id="19431567-8539-422a-85d7-44ee4e166bda" />
  </TestLists>
  <TestEntries>
    <TestEntry testId="95212066-e60b-7bbc-38be-df0a63509626" executionId="c3b3a0ee-d3d5-4b5b-a2ca-2487fa656be6" testListId="8c84fa94-04c1-424b-9868-57a2d4851a1d" />
  </TestEntries>
  <Results>
    <UnitTestResult executionId="c3b3a0ee-d3d5-4b5b-a2ca-2487fa656be6" testId="95212066-e60b-7bbc-38be-df0a63509626" testName="GetByRecordTypeTest" computerName="SONG-PC" duration="00:00:00.0261481" startTime="2012-03-15T00:51:48.1650594+08:00" endTime="2012-03-15T00:51:48.4990785+08:00" testType="13cdc9d9-ddb5-4fa4-a97d-d965ccfc6d4b" outcome="Passed" testListId="8c84fa94-04c1-424b-9868-57a2d4851a1d" relativeResultsDirectory="c3b3a0ee-d3d5-4b5b-a2ca-2487fa656be6">
    </UnitTestResult>
  </Results>
</TestRun>