<?xml version="1.0" encoding="UTF-8"?>
<TestRun id="dde2b7ae-56a8-4cc2-b2e3-fcda3031067f" name="Song@SONG-PC 2012-03-15 00:45:47" runUser="Song-PC\Song" xmlns="http://microsoft.com/schemas/VisualStudio/TeamTest/2010">
  <TestSettings name="本地" id="ea4079a7-9053-40e0-970a-dad4096e1d8c">
    <Description>这些设置为本地测试运行的默认测试设置。</Description>
    <Deployment enabled="false" runDeploymentRoot="Song_SONG-PC 2012-03-15 00_45_47">
      <DeploymentItem filename="C:\MyCode\ToolingMan\TestCon\bin\Debug\TestCon.exe" />
      <DeploymentItem filename="C:\MyCode\ToolingMan\ClassLibrary\bin\Debug\ClassLibrary.dll" />
    </Deployment>
    <Execution>
      <TestTypeSpecific />
      <AgentRule name="Execution Agents">
      </AgentRule>
    </Execution>
  </TestSettings>
  <Times creation="2012-03-15T00:45:47.4834295+08:00" queuing="2012-03-15T00:45:52.2157002+08:00" start="2012-03-15T00:45:52.3577083+08:00" finish="2012-03-15T00:45:53.2407588+08:00" />
  <ResultSummary outcome="Failed">
    <Counters total="1" executed="1" error="0" failed="1" timeout="0" aborted="0" inconclusive="0" passedButRunAborted="0" notRunnable="0" notExecuted="0" disconnected="0" warning="0" passed="0" completed="0" inProgress="0" pending="0" />
  </ResultSummary>
  <TestDefinitions>
    <UnitTest name="GetByRecordTypeTest" storage="c:\mycode\toolingman\testproject1\bin\debug\testproject1.dll" id="95212066-e60b-7bbc-38be-df0a63509626">
      <Execution id="31101eb6-a94c-4ed0-b8f6-232f721d4838" />
      <TestMethod codeBase="C:/MyCode/ToolingMan/TestProject1/bin/Debug/TestProject1.DLL" adapterTypeName="Microsoft.VisualStudio.TestTools.TestTypes.Unit.UnitTestAdapter, Microsoft.VisualStudio.QualityTools.Tips.UnitTest.Adapter, Version=10.0.0.0, Culture=neutral, PublicKeyToken=b03f5f7f11d50a3a" className="TestProject1.StorageRecordRepositoryTest, TestProject1, Version=1.0.0.0, Culture=neutral, PublicKeyToken=null" name="GetByRecordTypeTest" />
    </UnitTest>
  </TestDefinitions>
  <TestLists>
    <TestList name="列表中未列出的结果" id="8c84fa94-04c1-424b-9868-57a2d4851a1d" />
    <TestList name="所有已加载的结果" id="19431567-8539-422a-85d7-44ee4e166bda" />
  </TestLists>
  <TestEntries>
    <TestEntry testId="95212066-e60b-7bbc-38be-df0a63509626" executionId="31101eb6-a94c-4ed0-b8f6-232f721d4838" testListId="8c84fa94-04c1-424b-9868-57a2d4851a1d" />
  </TestEntries>
  <Results>
    <UnitTestResult executionId="31101eb6-a94c-4ed0-b8f6-232f721d4838" testId="95212066-e60b-7bbc-38be-df0a63509626" testName="GetByRecordTypeTest" computerName="SONG-PC" duration="00:00:00.0803395" startTime="2012-03-15T00:45:52.4027109+08:00" endTime="2012-03-15T00:45:53.1097514+08:00" testType="13cdc9d9-ddb5-4fa4-a97d-d965ccfc6d4b" outcome="Failed" testListId="8c84fa94-04c1-424b-9868-57a2d4851a1d" relativeResultsDirectory="31101eb6-a94c-4ed0-b8f6-232f721d4838">
      <Output>
        <ErrorInfo>
          <Message>测试方法 TestProject1.StorageRecordRepositoryTest.GetByRecordTypeTest 引发了异常: 
System.NullReferenceException: 未将对象引用设置到对象的实例。</Message>
          <StackTrace>    在 ClassLibrary.Repository.Implement.StorageRecordRepository.GetByRecordType(StorageRecordType recordType) 位置 C:\MyCode\ToolingMan\ClassLibrary\Repository\Implement\StorageRecordRepository.cs:行号 57
   在 TestProject1.StorageRecordRepositoryTest.GetByRecordTypeTest() 位置 C:\MyCode\ToolingMan\TestProject1\StorageRecordRepositoryTest.cs:行号 81
</StackTrace>
        </ErrorInfo>
      </Output>
    </UnitTestResult>
  </Results>
</TestRun>