<?xml version="1.0" encoding="UTF-8"?>
<TestRun id="5cf15174-6927-42f9-a6d3-4f2ab985fdee" name="Wangsong@WANGSONG-PC 2012-03-09 11:17:49" runUser="Wangsong-PC\Wangsong" xmlns="http://microsoft.com/schemas/VisualStudio/TeamTest/2010">
  <TestSettings name="本地" id="ea4079a7-9053-40e0-970a-dad4096e1d8c">
    <Description>这些设置为本地测试运行的默认测试设置。</Description>
    <Deployment enabled="false" runDeploymentRoot="Wangsong_WANGSONG-PC 2012-03-09 11_17_49">
      <DeploymentItem filename="C:\MyProject\Code\ToolingMan\ClassLibrary\bin\Debug\ClassLibrary.dll" />
    </Deployment>
    <Execution>
      <TestTypeSpecific />
      <AgentRule name="Execution Agents">
      </AgentRule>
    </Execution>
  </TestSettings>
  <Times creation="2012-03-09T11:17:49.4392000+08:00" queuing="2012-03-09T11:17:49.4512000+08:00" start="2012-03-09T11:17:49.4572000+08:00" finish="2012-03-09T11:17:51.3252000+08:00" />
  <ResultSummary outcome="Failed">
    <Counters total="1" executed="1" error="0" failed="1" timeout="0" aborted="0" inconclusive="0" passedButRunAborted="0" notRunnable="0" notExecuted="0" disconnected="0" warning="0" passed="0" completed="0" inProgress="0" pending="0" />
  </ResultSummary>
  <TestDefinitions>
    <UnitTest name="AddTest1" storage="c:\myproject\code\toolingman\testproject1\bin\debug\testproject1.dll" id="6fc3074d-9742-55a6-8c26-49e9d4ee50ab">
      <Execution id="f09090ff-f3b3-4723-b77a-39f9d8668976" />
      <TestMethod codeBase="C:/MyProject/Code/ToolingMan/TestProject1/bin/Debug/TestProject1.DLL" adapterTypeName="Microsoft.VisualStudio.TestTools.TestTypes.Unit.UnitTestAdapter, Microsoft.VisualStudio.QualityTools.Tips.UnitTest.Adapter, Version=10.0.0.0, Culture=neutral, PublicKeyToken=b03f5f7f11d50a3a" className="TestProject1.AccessoryRepositoryTest, TestProject1, Version=1.0.0.0, Culture=neutral, PublicKeyToken=null" name="AddTest1" />
    </UnitTest>
  </TestDefinitions>
  <TestLists>
    <TestList name="列表中未列出的结果" id="8c84fa94-04c1-424b-9868-57a2d4851a1d" />
    <TestList name="所有已加载的结果" id="19431567-8539-422a-85d7-44ee4e166bda" />
  </TestLists>
  <TestEntries>
    <TestEntry testId="6fc3074d-9742-55a6-8c26-49e9d4ee50ab" executionId="f09090ff-f3b3-4723-b77a-39f9d8668976" testListId="8c84fa94-04c1-424b-9868-57a2d4851a1d" />
  </TestEntries>
  <Results>
    <UnitTestResult executionId="f09090ff-f3b3-4723-b77a-39f9d8668976" testId="6fc3074d-9742-55a6-8c26-49e9d4ee50ab" testName="AddTest1" computerName="WANGSONG-PC" duration="00:00:00.1331372" startTime="2012-03-09T11:17:49.4632000+08:00" endTime="2012-03-09T11:17:49.7932000+08:00" testType="13cdc9d9-ddb5-4fa4-a97d-d965ccfc6d4b" outcome="Failed" testListId="8c84fa94-04c1-424b-9868-57a2d4851a1d" relativeResultsDirectory="f09090ff-f3b3-4723-b77a-39f9d8668976">
      <Output>
        <ErrorInfo>
          <Message>Assert.Fail 失败。Assert.Equals 不应用于断言。请改用 Assert.AreEqual 和重载。</Message>
          <StackTrace>   在 TestProject1.AccessoryRepositoryTest.AddTest1() 位置 C:\MyProject\Code\ToolingMan\TestProject1\AccessoryRepositoryTest.cs:行号 108
</StackTrace>
        </ErrorInfo>
      </Output>
    </UnitTestResult>
  </Results>
</TestRun>