<?xml version="1.0" encoding="UTF-8"?>
<TestRun id="b3a9f331-bb0a-4706-b9ab-ca123d0a8646" name="Wangsong@WANGSONG-PC 2012-03-09 11:07:32" runUser="Wangsong-PC\Wangsong" xmlns="http://microsoft.com/schemas/VisualStudio/TeamTest/2010">
  <TestSettings name="本地" id="ea4079a7-9053-40e0-970a-dad4096e1d8c">
    <Description>这些设置为本地测试运行的默认测试设置。</Description>
    <Deployment enabled="false" runDeploymentRoot="Wangsong_WANGSONG-PC 2012-03-09 11_07_32">
      <DeploymentItem filename="C:\MyProject\Code\ToolingMan\ClassLibrary\bin\Debug\ClassLibrary.dll" />
    </Deployment>
    <Execution>
      <TestTypeSpecific />
      <AgentRule name="Execution Agents">
      </AgentRule>
    </Execution>
  </TestSettings>
  <Times creation="2012-03-09T11:07:32.7302000+08:00" queuing="2012-03-09T11:07:32.7372000+08:00" start="2012-03-09T11:07:32.7492000+08:00" finish="2012-03-09T11:07:33.0242000+08:00" />
  <ResultSummary outcome="Failed">
    <Counters total="1" executed="1" error="0" failed="1" timeout="0" aborted="0" inconclusive="0" passedButRunAborted="0" notRunnable="0" notExecuted="0" disconnected="0" warning="0" passed="0" completed="0" inProgress="0" pending="0" />
  </ResultSummary>
  <TestDefinitions>
    <UnitTest name="AddTest" storage="c:\myproject\code\toolingman\testproject1\bin\debug\testproject1.dll" id="cbfdc424-4209-67f8-4075-42d75e1514bc">
      <Execution id="476b3d06-ac80-4060-9f9e-6c9746386cbe" />
      <TestMethod codeBase="C:/MyProject/Code/ToolingMan/TestProject1/bin/Debug/TestProject1.DLL" adapterTypeName="Microsoft.VisualStudio.TestTools.TestTypes.Unit.UnitTestAdapter, Microsoft.VisualStudio.QualityTools.Tips.UnitTest.Adapter, Version=10.0.0.0, Culture=neutral, PublicKeyToken=b03f5f7f11d50a3a" className="TestProject1.AccessoryRepositoryTest, TestProject1, Version=1.0.0.0, Culture=neutral, PublicKeyToken=null" name="AddTest" />
    </UnitTest>
  </TestDefinitions>
  <TestLists>
    <TestList name="列表中未列出的结果" id="8c84fa94-04c1-424b-9868-57a2d4851a1d" />
    <TestList name="所有已加载的结果" id="19431567-8539-422a-85d7-44ee4e166bda" />
  </TestLists>
  <TestEntries>
    <TestEntry testId="cbfdc424-4209-67f8-4075-42d75e1514bc" executionId="476b3d06-ac80-4060-9f9e-6c9746386cbe" testListId="8c84fa94-04c1-424b-9868-57a2d4851a1d" />
  </TestEntries>
  <Results>
    <UnitTestResult executionId="476b3d06-ac80-4060-9f9e-6c9746386cbe" testId="cbfdc424-4209-67f8-4075-42d75e1514bc" testName="AddTest" computerName="WANGSONG-PC" duration="00:00:00.0356246" startTime="2012-03-09T11:07:32.7602000+08:00" endTime="2012-03-09T11:07:33.0002000+08:00" testType="13cdc9d9-ddb5-4fa4-a97d-d965ccfc6d4b" outcome="Failed" testListId="8c84fa94-04c1-424b-9868-57a2d4851a1d" relativeResultsDirectory="476b3d06-ac80-4060-9f9e-6c9746386cbe">
      <Output>
        <ErrorInfo>
          <Message>测试方法 TestProject1.AccessoryRepositoryTest.AddTest 引发了异常: 
System.NullReferenceException: 未将对象引用设置到对象的实例。</Message>
          <StackTrace>    在 ClassLibrary.Repository.Implement.AccessoryRepository.Add(List`1 accessories) 位置 C:\MyProject\Code\ToolingMan\ClassLibrary\Repository\Implement\AccessoryRepository.cs:行号 34
   在 TestProject1.AccessoryRepositoryTest.AddTest() 位置 C:\MyProject\Code\ToolingMan\TestProject1\AccessoryRepositoryTest.cs:行号 89
</StackTrace>
        </ErrorInfo>
      </Output>
    </UnitTestResult>
  </Results>
</TestRun>